{"contracts\\CertificateMint.sol":{"l":{"43":5,"47":4,"51":48,"52":48,"63":1,"76":1,"85":1,"103":9,"104":9,"106":9,"111":8,"116":7,"118":7,"122":7,"135":11,"137":11,"141":10,"146":9,"158":4,"175":2},"path":"C:\\Users\\Valentin\\Desktop\\Projet\\rNFT-iExec-CertificateDApp\\solidity\\contracts\\CertificateMint.sol","s":{"1":5,"2":48,"3":48,"4":1,"5":1,"6":1,"7":9,"8":9,"9":9,"10":8,"11":7,"12":7,"13":11,"14":11,"15":10,"16":9,"17":4,"18":2},"b":{"1":[4,1],"2":[8,1],"3":[7,1],"4":[10,1],"5":[9,1]},"f":{"1":5,"2":48,"3":1,"4":1,"5":1,"6":9,"7":11,"8":4,"9":2},"fnMap":{"1":{"name":"onlyEthereumOwner","line":39,"loc":{"start":{"line":39,"column":4},"end":{"line":48,"column":4}}},"2":{"name":"constructor","line":50,"loc":{"start":{"line":50,"column":4},"end":{"line":53,"column":4}}},"3":{"name":"getOracleContract","line":62,"loc":{"start":{"line":62,"column":4},"end":{"line":64,"column":4}}},"4":{"name":"getOracleId","line":71,"loc":{"start":{"line":71,"column":4},"end":{"line":78,"column":4}}},"5":{"name":"changeBaseURI","line":84,"loc":{"start":{"line":84,"column":4},"end":{"line":86,"column":4}}},"6":{"name":"getOracleValue","line":99,"loc":{"start":{"line":99,"column":4},"end":{"line":123,"column":4}}},"7":{"name":"newOracleIds","line":134,"loc":{"start":{"line":130,"column":4},"end":{"line":147,"column":4}}},"8":{"name":"mint","line":156,"loc":{"start":{"line":154,"column":4},"end":{"line":159,"column":4}}},"9":{"name":"_baseURI","line":168,"loc":{"start":{"line":168,"column":4},"end":{"line":176,"column":4}}}},"statementMap":{"1":{"start":{"line":43,"column":8},"end":{"line":43,"column":1466}},"2":{"start":{"line":51,"column":8},"end":{"line":51,"column":34}},"3":{"start":{"line":52,"column":8},"end":{"line":52,"column":40}},"4":{"start":{"line":63,"column":8},"end":{"line":63,"column":31}},"5":{"start":{"line":76,"column":8},"end":{"line":76,"column":2574}},"6":{"start":{"line":85,"column":8},"end":{"line":85,"column":33}},"7":{"start":{"line":103,"column":8},"end":{"line":103,"column":20}},"8":{"start":{"line":104,"column":8},"end":{"line":104,"column":79}},"9":{"start":{"line":106,"column":8},"end":{"line":106,"column":3698}},"10":{"start":{"line":111,"column":8},"end":{"line":111,"column":3872}},"11":{"start":{"line":116,"column":8},"end":{"line":116,"column":68}},"12":{"start":{"line":122,"column":8},"end":{"line":122,"column":19}},"13":{"start":{"line":135,"column":8},"end":{"line":135,"column":79}},"14":{"start":{"line":137,"column":8},"end":{"line":137,"column":4683}},"15":{"start":{"line":141,"column":8},"end":{"line":141,"column":4810}},"16":{"start":{"line":146,"column":8},"end":{"line":146,"column":38}},"17":{"start":{"line":158,"column":8},"end":{"line":158,"column":27}},"18":{"start":{"line":175,"column":8},"end":{"line":175,"column":27}}},"branchMap":{"1":{"line":43,"type":"if","locations":[{"start":{"line":43,"column":8},"end":{"line":43,"column":8}},{"start":{"line":43,"column":8},"end":{"line":43,"column":8}}]},"2":{"line":106,"type":"if","locations":[{"start":{"line":106,"column":8},"end":{"line":106,"column":8}},{"start":{"line":106,"column":8},"end":{"line":106,"column":8}}]},"3":{"line":111,"type":"if","locations":[{"start":{"line":111,"column":8},"end":{"line":111,"column":8}},{"start":{"line":111,"column":8},"end":{"line":111,"column":8}}]},"4":{"line":137,"type":"if","locations":[{"start":{"line":137,"column":8},"end":{"line":137,"column":8}},{"start":{"line":137,"column":8},"end":{"line":137,"column":8}}]},"5":{"line":141,"type":"if","locations":[{"start":{"line":141,"column":8},"end":{"line":141,"column":8}},{"start":{"line":141,"column":8},"end":{"line":141,"column":8}}]}}},"contracts\\IOracle.sol":{"l":{},"path":"C:\\Users\\Valentin\\Desktop\\Projet\\rNFT-iExec-CertificateDApp\\solidity\\contracts\\IOracle.sol","s":{},"b":{},"f":{},"fnMap":{},"statementMap":{},"branchMap":{}},"contracts\\MockCertificateMint.sol":{"l":{"36":48,"50":48,"68":7,"69":7,"70":7},"path":"C:\\Users\\Valentin\\Desktop\\Projet\\rNFT-iExec-CertificateDApp\\solidity\\contracts\\MockCertificateMint.sol","s":{"1":48,"2":48,"3":7,"4":7,"5":7},"b":{},"f":{"1":48,"2":48,"3":48,"4":48,"5":7},"fnMap":{"1":{"name":"constructor","line":23,"loc":{"start":{"line":19,"column":4},"end":{"line":24,"column":5}}},"2":{"name":"constructor","line":35,"loc":{"start":{"line":35,"column":4},"end":{"line":37,"column":4}}},"3":{"name":"constructor","line":49,"loc":{"start":{"line":49,"column":4},"end":{"line":51,"column":4}}},"4":{"name":"constructor","line":63,"loc":{"start":{"line":63,"column":4},"end":{"line":65,"column":4}}},"5":{"name":"getRaw","line":67,"loc":{"start":{"line":67,"column":4},"end":{"line":71,"column":4}}}},"statementMap":{"1":{"start":{"line":36,"column":8},"end":{"line":36,"column":19}},"2":{"start":{"line":50,"column":8},"end":{"line":50,"column":26}},"3":{"start":{"line":68,"column":8},"end":{"line":68,"column":88}},"4":{"start":{"line":69,"column":8},"end":{"line":69,"column":88}},"5":{"start":{"line":70,"column":8},"end":{"line":70,"column":87}}},"branchMap":{}}}